2026-04-27 18:06:26,315  INFO      main — 🚀 Démarrage de l'analyse BRVM hebdomadaire
2026-04-27 18:06:26,315  INFO      main — 📡 Étape 1/4 — Récupération des cours BRVM
2026-04-27 18:06:28,077  INFO      scraper — Récupération des cours BRVM...
2026-04-27 18:06:30,610  INFO      scraper — brvm.org: 13 cours récupérés
2026-04-27 18:06:30,611  INFO      scraper —   Tentative kwayisi pour SGBC...
2026-04-27 18:06:31,595  INFO      scraper —   Tentative kwayisi pour SIBC...
2026-04-27 18:06:32,363  INFO      scraper —   Tentative kwayisi pour SNTS...
2026-04-27 18:06:33,277  INFO      scraper —   Tentative kwayisi pour NSBC...
2026-04-27 18:06:34,176  INFO      scraper —   Tentative kwayisi pour BOABF...
2026-04-27 18:06:35,476  INFO      scraper —   Tentative kwayisi pour BOAC...
2026-04-27 18:06:36,247  INFO      scraper —   Tentative kwayisi pour BOAM...
2026-04-27 18:06:36,970  INFO      scraper —   Tentative kwayisi pour BOAS...
2026-04-27 18:06:37,753  INFO      scraper —   Tentative kwayisi pour BICC...
2026-04-27 18:06:38,506  INFO      scraper —   Tentative kwayisi pour ETIT...
2026-04-27 18:06:39,292  INFO      scraper —   Tentative kwayisi pour ORGT...
2026-04-27 18:06:40,035  INFO      scraper —   Tentative kwayisi pour SAFC...
2026-04-27 18:06:40,753  INFO      scraper —   Tentative kwayisi pour ORAC...
2026-04-27 18:06:41,514  INFO      scraper —   Tentative kwayisi pour NTLC...
2026-04-27 18:06:42,273  INFO      scraper —   Tentative kwayisi pour STBC...
2026-04-27 18:06:43,050  INFO      scraper —   Tentative kwayisi pour SLBC...
2026-04-27 18:06:43,798  INFO      scraper —   Tentative kwayisi pour SMBC...
2026-04-27 18:06:44,528  INFO      scraper —   Tentative kwayisi pour UNXC...
2026-04-27 18:06:45,294  INFO      scraper —   Tentative kwayisi pour LNBB...
2026-04-27 18:06:46,046  INFO      scraper —   Tentative kwayisi pour PALC...
2026-04-27 18:06:46,810  INFO      scraper —   Tentative kwayisi pour SPHC...
2026-04-27 18:06:47,524  INFO      scraper —   Tentative kwayisi pour SOGC...
2026-04-27 18:06:48,272  INFO      scraper —   Tentative kwayisi pour SCRC...
2026-04-27 18:06:49,030  INFO      scraper —   Tentative kwayisi pour TTLC...
2026-04-27 18:06:49,793  INFO      scraper —   Tentative kwayisi pour TTLS...
2026-04-27 18:06:50,589  INFO      scraper —   Tentative kwayisi pour SHEC...
2026-04-27 18:06:51,397  INFO      scraper —   Tentative kwayisi pour SEMC...
2026-04-27 18:06:52,159  INFO      scraper —   Tentative kwayisi pour CIEC...
2026-04-27 18:06:52,994  INFO      scraper —   Tentative kwayisi pour SDCC...
2026-04-27 18:06:53,791  INFO      scraper —   Tentative kwayisi pour CABC...
2026-04-27 18:06:54,511  INFO      scraper —   Tentative kwayisi pour CFAC...
2026-04-27 18:06:55,340  INFO      scraper —   Tentative kwayisi pour BNBC...
2026-04-27 18:06:56,091  INFO      scraper —   Tentative kwayisi pour SICC...
2026-04-27 18:06:56,837  INFO      scraper —   Tentative kwayisi pour PRSC...
2026-04-27 18:06:57,594  INFO      scraper —   Tentative kwayisi pour STAC...
2026-04-27 18:06:58,349  INFO      scraper —   Tentative kwayisi pour SIVC...
2026-04-27 18:06:59,070  INFO      scraper —   Tentative kwayisi pour BICB...
2026-04-27 18:06:59,921  INFO      scraper — Cache sauvegardé: data/prices_cache.json
2026-04-27 18:06:59,921  INFO      main —   ✓ 47 actions chargées
2026-04-27 18:06:59,921  INFO      main — 📊 Étape 2/4 — Calcul des scores multi-modèles
2026-04-27 18:06:59,943  INFO      main —   ✓ Scores sauvegardés: data/scores_20260427.json
2026-04-27 18:06:59,943  INFO      main — =================================================================
2026-04-27 18:06:59,943  INFO      main —   🏆 CLASSEMENT BRVM — TOP 10  
2026-04-27 18:06:59,943  INFO      main — =================================================================
2026-04-27 18:06:59,944  INFO      main —   #1   CBIBF   Coris Bank International    16,200 XOF  Div:  5.6%  Score:  56/70
2026-04-27 18:06:59,944  INFO      main —   #2   SNTS    Sonatel Senegal                nan XOF  Div:  nan%  Score:  50/70
2026-04-27 18:06:59,944  INFO      main —   #3   BOAN    BOA Niger                    3,415 XOF  Div: 10.2%  Score:  46/70
2026-04-27 18:06:59,944  INFO      main —   #4   SGBC    Société Générale CI            nan XOF  Div:  nan%  Score:  44/70
2026-04-27 18:06:59,945  INFO      main —   #5   BOAB    BOA Benin                    8,500 XOF  Div:  5.5%  Score:  42/70
2026-04-27 18:06:59,945  INFO      main —   #6   NSBC    NSIA Banque CI                 nan XOF  Div:  nan%  Score:  42/70
2026-04-27 18:06:59,945  INFO      main —   #7   SIBC    Société Ivoirienne de Ba       nan XOF  Div:  nan%  Score:  41/70
2026-04-27 18:06:59,945  INFO      main —   #8   ECOC    Ecobank CI                  16,020 XOF  Div:  5.0%  Score:  40/70
2026-04-27 18:06:59,945  INFO      main —   #9   FTSC    Filtisac CI                  2,250 XOF  Div:  6.7%  Score:  39/70
2026-04-27 18:06:59,945  INFO      main —   #10  LNBB    Loterie Nationale Bénin        nan XOF  Div:  nan%  Score:  36/70
2026-04-27 18:06:59,945  INFO      main — =================================================================
2026-04-27 18:06:59,945  INFO      main — 📄 Étape 3/4 — Génération du rapport PDF
2026-04-27 18:07:05,942  WARNING   matplotlib.font_manager — Matplotlib is building the font cache; this may take a moment.
2026-04-27 18:07:08,945  INFO      matplotlib.font_manager — Failed to extract font properties from /System/Library/PrivateFrameworks/FontServices.framework/Resources/Reserved/PingFangUI.ttc: In FT2Font: Can not load face (locations (loca) table missing; error code 0x90)
2026-04-27 18:07:08,987  INFO      matplotlib.font_manager — Failed to extract font properties from /System/Library/Fonts/Apple Color Emoji.ttc: In FT2Font: Could not set the fontsize (invalid pixel size; error code 0x17)
2026-04-27 18:07:08,988  INFO      matplotlib.font_manager — Failed to extract font properties from /System/Library/Fonts/SFIndia.ttc: In FT2Font: Can not load face (SFNT font table missing; error code 0x8e)
2026-04-27 18:07:09,029  INFO      matplotlib.font_manager — Failed to extract font properties from /System/Library/Fonts/Supplemental/NISC18030.ttf: In FT2Font: Could not set the fontsize (invalid pixel size; error code 0x17)
2026-04-27 18:07:09,040  INFO      matplotlib.font_manager — Failed to extract font properties from /System/Library/Fonts/LastResort.otf: tuple indices must be integers or slices, not str
2026-04-27 18:07:09,069  INFO      matplotlib.font_manager — generated new fontManager
2026-04-27 18:07:10,617  INFO      report_generator — Rapport PDF généré: reports/BRVM_Analyse_2026_04_27.pdf
2026-04-27 18:07:10,617  INFO      main —   ✓ Rapport PDF: reports/BRVM_Analyse_2026_04_27.pdf
2026-04-27 18:07:10,617  INFO      main — 🐙 Étape 4/4 — GitHub ignoré (--no-github)
2026-04-27 18:07:10,617  INFO      main — ✅ Pipeline terminé — Rapport disponible: reports/BRVM_Analyse_2026_04_27.pdf
